2mm
3mm
advancedloop
advanced_loop
atax
bicg
boolean
cordic
covariance
dft
dft_2
fft
fir
for_if
gemm
gemver
histogram
if_else
if_loop_1
if_loop_2
if_loop_3
if_loop_4
if_loop_5
iir
image_resize
insertion_sort
jacobi-1d-imper
loop_array
matrix_power
matvec
maximal_matching
median
memory_loop
merge
mul
nestedloop
nested_loop
nested_loop_2
newton
nqueens
order_test_1
order_test_2
pivot
selection_sort
simple
simple_loop
sort
sort2
stencil_2d
string_match
sumi3
sumi3_mem
sum_tree_4
test1
test2
test3
test4
test_memory_1
test_memory_2
test_memory_3
test_memory_4
test_memory_5
test_memory_6
test_memory_7
test_memory_8
test_memory_9
test_memory_10
threshold
top
triangular
trisolv
vector_rescale
while_loop_1
while_loop_2
while_loop_3
while_loop_4
while_loop_5
